<?xml version="1.0" encoding="UTF-8"?>
<testsuite xmlns:xsi="http://www.w3.org/2001/XMLSchema-instance" xsi:noNamespaceSchemaLocation="https://maven.apache.org/surefire/maven-surefire-plugin/xsd/surefire-test-report.xsd" name="com.epidemicmanagement.EpidemicManagementApplicationTests" time="0.063" tests="1" errors="0" skipped="0" failures="0">
  <properties>
    <property name="sun.desktop" value="windows"/>
    <property name="awt.toolkit" value="sun.awt.windows.WToolkit"/>
    <property name="file.encoding.pkg" value="sun.io"/>
    <property name="java.specification.version" value="1.8"/>
    <property name="sun.cpu.isalist" value="amd64"/>
    <property name="sun.jnu.encoding" value="GBK"/>
    <property name="java.class.path" value="C:\Users\hp\IdeaProjects\epidemic-management\target\test-classes;C:\Users\hp\IdeaProjects\epidemic-management\target\classes;D:\maven_work\repository\org\springframework\boot\spring-boot-starter-web\2.6.7\spring-boot-starter-web-2.6.7.jar;D:\maven_work\repository\org\springframework\boot\spring-boot-starter\2.6.7\spring-boot-starter-2.6.7.jar;D:\maven_work\repository\org\springframework\boot\spring-boot-starter-logging\2.6.7\spring-boot-starter-logging-2.6.7.jar;D:\maven_work\repository\ch\qos\logback\logback-classic\1.2.11\logback-classic-1.2.11.jar;D:\maven_work\repository\ch\qos\logback\logback-core\1.2.11\logback-core-1.2.11.jar;D:\maven_work\repository\org\apache\logging\log4j\log4j-to-slf4j\2.17.2\log4j-to-slf4j-2.17.2.jar;D:\maven_work\repository\org\apache\logging\log4j\log4j-api\2.17.2\log4j-api-2.17.2.jar;D:\maven_work\repository\org\slf4j\jul-to-slf4j\1.7.36\jul-to-slf4j-1.7.36.jar;D:\maven_work\repository\jakarta\annotation\jakarta.annotation-api\1.3.5\jakarta.annotation-api-1.3.5.jar;D:\maven_work\repository\org\yaml\snakeyaml\1.29\snakeyaml-1.29.jar;D:\maven_work\repository\org\springframework\boot\spring-boot-starter-json\2.6.7\spring-boot-starter-json-2.6.7.jar;D:\maven_work\repository\com\fasterxml\jackson\datatype\jackson-datatype-jdk8\2.13.2\jackson-datatype-jdk8-2.13.2.jar;D:\maven_work\repository\com\fasterxml\jackson\datatype\jackson-datatype-jsr310\2.13.2\jackson-datatype-jsr310-2.13.2.jar;D:\maven_work\repository\com\fasterxml\jackson\module\jackson-module-parameter-names\2.13.2\jackson-module-parameter-names-2.13.2.jar;D:\maven_work\repository\org\springframework\boot\spring-boot-starter-tomcat\2.6.7\spring-boot-starter-tomcat-2.6.7.jar;D:\maven_work\repository\org\apache\tomcat\embed\tomcat-embed-core\9.0.62\tomcat-embed-core-9.0.62.jar;D:\maven_work\repository\org\apache\tomcat\embed\tomcat-embed-el\9.0.62\tomcat-embed-el-9.0.62.jar;D:\maven_work\repository\org\apache\tomcat\embed\tomcat-embed-websocket\9.0.62\tomcat-embed-websocket-9.0.62.jar;D:\maven_work\repository\org\springframework\spring-web\5.3.19\spring-web-5.3.19.jar;D:\maven_work\repository\org\springframework\spring-beans\5.3.19\spring-beans-5.3.19.jar;D:\maven_work\repository\org\springframework\spring-webmvc\5.3.19\spring-webmvc-5.3.19.jar;D:\maven_work\repository\org\springframework\spring-aop\5.3.19\spring-aop-5.3.19.jar;D:\maven_work\repository\org\springframework\spring-context\5.3.19\spring-context-5.3.19.jar;D:\maven_work\repository\org\springframework\spring-expression\5.3.19\spring-expression-5.3.19.jar;D:\maven_work\repository\org\springframework\boot\spring-boot-starter-data-redis\2.6.7\spring-boot-starter-data-redis-2.6.7.jar;D:\maven_work\repository\org\springframework\data\spring-data-redis\2.6.4\spring-data-redis-2.6.4.jar;D:\maven_work\repository\org\springframework\data\spring-data-keyvalue\2.6.4\spring-data-keyvalue-2.6.4.jar;D:\maven_work\repository\org\springframework\data\spring-data-commons\2.6.4\spring-data-commons-2.6.4.jar;D:\maven_work\repository\org\springframework\spring-tx\5.3.19\spring-tx-5.3.19.jar;D:\maven_work\repository\org\springframework\spring-oxm\5.3.19\spring-oxm-5.3.19.jar;D:\maven_work\repository\org\springframework\spring-context-support\5.3.19\spring-context-support-5.3.19.jar;D:\maven_work\repository\org\slf4j\slf4j-api\1.7.36\slf4j-api-1.7.36.jar;D:\maven_work\repository\io\lettuce\lettuce-core\6.1.8.RELEASE\lettuce-core-6.1.8.RELEASE.jar;D:\maven_work\repository\io\netty\netty-common\4.1.76.Final\netty-common-4.1.76.Final.jar;D:\maven_work\repository\io\netty\netty-handler\4.1.76.Final\netty-handler-4.1.76.Final.jar;D:\maven_work\repository\io\netty\netty-resolver\4.1.76.Final\netty-resolver-4.1.76.Final.jar;D:\maven_work\repository\io\netty\netty-buffer\4.1.76.Final\netty-buffer-4.1.76.Final.jar;D:\maven_work\repository\io\netty\netty-codec\4.1.76.Final\netty-codec-4.1.76.Final.jar;D:\maven_work\repository\io\netty\netty-transport\4.1.76.Final\netty-transport-4.1.76.Final.jar;D:\maven_work\repository\io\projectreactor\reactor-core\3.4.17\reactor-core-3.4.17.jar;D:\maven_work\repository\org\reactivestreams\reactive-streams\1.0.3\reactive-streams-1.0.3.jar;D:\maven_work\repository\org\springframework\boot\spring-boot-devtools\2.6.7\spring-boot-devtools-2.6.7.jar;D:\maven_work\repository\org\springframework\boot\spring-boot\2.6.7\spring-boot-2.6.7.jar;D:\maven_work\repository\org\springframework\boot\spring-boot-autoconfigure\2.6.7\spring-boot-autoconfigure-2.6.7.jar;D:\maven_work\repository\org\springframework\boot\spring-boot-starter-test\2.6.7\spring-boot-starter-test-2.6.7.jar;D:\maven_work\repository\org\springframework\boot\spring-boot-test\2.6.7\spring-boot-test-2.6.7.jar;D:\maven_work\repository\org\springframework\boot\spring-boot-test-autoconfigure\2.6.7\spring-boot-test-autoconfigure-2.6.7.jar;D:\maven_work\repository\com\jayway\jsonpath\json-path\2.6.0\json-path-2.6.0.jar;D:\maven_work\repository\net\minidev\json-smart\2.4.8\json-smart-2.4.8.jar;D:\maven_work\repository\net\minidev\accessors-smart\2.4.8\accessors-smart-2.4.8.jar;D:\maven_work\repository\org\ow2\asm\asm\9.1\asm-9.1.jar;D:\maven_work\repository\jakarta\xml\bind\jakarta.xml.bind-api\2.3.3\jakarta.xml.bind-api-2.3.3.jar;D:\maven_work\repository\jakarta\activation\jakarta.activation-api\1.2.2\jakarta.activation-api-1.2.2.jar;D:\maven_work\repository\org\assertj\assertj-core\3.21.0\assertj-core-3.21.0.jar;D:\maven_work\repository\org\hamcrest\hamcrest\2.2\hamcrest-2.2.jar;D:\maven_work\repository\org\junit\jupiter\junit-jupiter\5.8.2\junit-jupiter-5.8.2.jar;D:\maven_work\repository\org\junit\jupiter\junit-jupiter-api\5.8.2\junit-jupiter-api-5.8.2.jar;D:\maven_work\repository\org\opentest4j\opentest4j\1.2.0\opentest4j-1.2.0.jar;D:\maven_work\repository\org\junit\platform\junit-platform-commons\1.8.2\junit-platform-commons-1.8.2.jar;D:\maven_work\repository\org\apiguardian\apiguardian-api\1.1.2\apiguardian-api-1.1.2.jar;D:\maven_work\repository\org\junit\jupiter\junit-jupiter-params\5.8.2\junit-jupiter-params-5.8.2.jar;D:\maven_work\repository\org\junit\jupiter\junit-jupiter-engine\5.8.2\junit-jupiter-engine-5.8.2.jar;D:\maven_work\repository\org\junit\platform\junit-platform-engine\1.8.2\junit-platform-engine-1.8.2.jar;D:\maven_work\repository\org\mockito\mockito-core\4.0.0\mockito-core-4.0.0.jar;D:\maven_work\repository\net\bytebuddy\byte-buddy\1.11.22\byte-buddy-1.11.22.jar;D:\maven_work\repository\net\bytebuddy\byte-buddy-agent\1.11.22\byte-buddy-agent-1.11.22.jar;D:\maven_work\repository\org\objenesis\objenesis\3.2\objenesis-3.2.jar;D:\maven_work\repository\org\mockito\mockito-junit-jupiter\4.0.0\mockito-junit-jupiter-4.0.0.jar;D:\maven_work\repository\org\skyscreamer\jsonassert\1.5.0\jsonassert-1.5.0.jar;D:\maven_work\repository\com\vaadin\external\google\android-json\0.0.20131108.vaadin1\android-json-0.0.20131108.vaadin1.jar;D:\maven_work\repository\org\springframework\spring-core\5.3.19\spring-core-5.3.19.jar;D:\maven_work\repository\org\springframework\spring-jcl\5.3.19\spring-jcl-5.3.19.jar;D:\maven_work\repository\org\springframework\spring-test\5.3.19\spring-test-5.3.19.jar;D:\maven_work\repository\org\xmlunit\xmlunit-core\2.8.4\xmlunit-core-2.8.4.jar;D:\maven_work\repository\mysql\mysql-connector-java\8.0.28\mysql-connector-java-8.0.28.jar;D:\maven_work\repository\com\baomidou\mybatis-plus-boot-starter\3.4.0\mybatis-plus-boot-starter-3.4.0.jar;D:\maven_work\repository\com\baomidou\mybatis-plus\3.4.0\mybatis-plus-3.4.0.jar;D:\maven_work\repository\com\baomidou\mybatis-plus-extension\3.4.0\mybatis-plus-extension-3.4.0.jar;D:\maven_work\repository\com\baomidou\mybatis-plus-core\3.4.0\mybatis-plus-core-3.4.0.jar;D:\maven_work\repository\com\baomidou\mybatis-plus-annotation\3.4.0\mybatis-plus-annotation-3.4.0.jar;D:\maven_work\repository\org\springframework\boot\spring-boot-starter-jdbc\2.6.7\spring-boot-starter-jdbc-2.6.7.jar;D:\maven_work\repository\com\zaxxer\HikariCP\4.0.3\HikariCP-4.0.3.jar;D:\maven_work\repository\org\springframework\spring-jdbc\5.3.19\spring-jdbc-5.3.19.jar;D:\maven_work\repository\com\github\pagehelper\pagehelper-spring-boot-starter\1.4.1\pagehelper-spring-boot-starter-1.4.1.jar;D:\maven_work\repository\org\mybatis\spring\boot\mybatis-spring-boot-starter\2.2.0\mybatis-spring-boot-starter-2.2.0.jar;D:\maven_work\repository\org\mybatis\spring\boot\mybatis-spring-boot-autoconfigure\2.2.0\mybatis-spring-boot-autoconfigure-2.2.0.jar;D:\maven_work\repository\org\mybatis\mybatis\3.5.7\mybatis-3.5.7.jar;D:\maven_work\repository\org\mybatis\mybatis-spring\2.0.6\mybatis-spring-2.0.6.jar;D:\maven_work\repository\com\github\pagehelper\pagehelper-spring-boot-autoconfigure\1.4.1\pagehelper-spring-boot-autoconfigure-1.4.1.jar;D:\maven_work\repository\com\github\pagehelper\pagehelper\5.3.0\pagehelper-5.3.0.jar;D:\maven_work\repository\com\github\jsqlparser\jsqlparser\4.2\jsqlparser-4.2.jar;D:\maven_work\repository\org\projectlombok\lombok\1.18.24\lombok-1.18.24.jar;D:\maven_work\repository\com\auth0\java-jwt\3.12.1\java-jwt-3.12.1.jar;D:\maven_work\repository\com\fasterxml\jackson\core\jackson-databind\2.13.2.1\jackson-databind-2.13.2.1.jar;D:\maven_work\repository\com\fasterxml\jackson\core\jackson-annotations\2.13.2\jackson-annotations-2.13.2.jar;D:\maven_work\repository\com\fasterxml\jackson\core\jackson-core\2.13.2\jackson-core-2.13.2.jar;D:\maven_work\repository\commons-codec\commons-codec\1.15\commons-codec-1.15.jar;D:\maven_work\repository\com\alibaba\druid\1.1.17\druid-1.1.17.jar;D:\maven_work\repository\log4j\log4j\1.2.17\log4j-1.2.17.jar;D:\maven_work\repository\org\jsoup\jsoup\1.13.1\jsoup-1.13.1.jar;"/>
    <property name="java.vm.vendor" value="Oracle Corporation"/>
    <property name="sun.arch.data.model" value="64"/>
    <property name="user.variant" value=""/>
    <property name="java.vendor.url" value="http://java.oracle.com/"/>
    <property name="user.timezone" value="Asia/Shanghai"/>
    <property name="java.vm.specification.version" value="1.8"/>
    <property name="os.name" value="Windows 10"/>
    <property name="user.country" value="CN"/>
    <property name="sun.java.launcher" value="SUN_STANDARD"/>
    <property name="sun.boot.library.path" value="C:\Program Files\Java\jdk1.8.0_191\jre\bin"/>
    <property name="sun.java.command" value="C:\Users\hp\AppData\Local\Temp\surefire716284706581979732\surefirebooter4034972025250735935.jar C:\Users\hp\AppData\Local\Temp\surefire716284706581979732 2022-05-26T16-41-13_206-jvmRun1 surefire4932139469232559295tmp surefire_04780266716376255851tmp"/>
    <property name="surefire.test.class.path" value="C:\Users\hp\IdeaProjects\epidemic-management\target\test-classes;C:\Users\hp\IdeaProjects\epidemic-management\target\classes;D:\maven_work\repository\org\springframework\boot\spring-boot-starter-web\2.6.7\spring-boot-starter-web-2.6.7.jar;D:\maven_work\repository\org\springframework\boot\spring-boot-starter\2.6.7\spring-boot-starter-2.6.7.jar;D:\maven_work\repository\org\springframework\boot\spring-boot-starter-logging\2.6.7\spring-boot-starter-logging-2.6.7.jar;D:\maven_work\repository\ch\qos\logback\logback-classic\1.2.11\logback-classic-1.2.11.jar;D:\maven_work\repository\ch\qos\logback\logback-core\1.2.11\logback-core-1.2.11.jar;D:\maven_work\repository\org\apache\logging\log4j\log4j-to-slf4j\2.17.2\log4j-to-slf4j-2.17.2.jar;D:\maven_work\repository\org\apache\logging\log4j\log4j-api\2.17.2\log4j-api-2.17.2.jar;D:\maven_work\repository\org\slf4j\jul-to-slf4j\1.7.36\jul-to-slf4j-1.7.36.jar;D:\maven_work\repository\jakarta\annotation\jakarta.annotation-api\1.3.5\jakarta.annotation-api-1.3.5.jar;D:\maven_work\repository\org\yaml\snakeyaml\1.29\snakeyaml-1.29.jar;D:\maven_work\repository\org\springframework\boot\spring-boot-starter-json\2.6.7\spring-boot-starter-json-2.6.7.jar;D:\maven_work\repository\com\fasterxml\jackson\datatype\jackson-datatype-jdk8\2.13.2\jackson-datatype-jdk8-2.13.2.jar;D:\maven_work\repository\com\fasterxml\jackson\datatype\jackson-datatype-jsr310\2.13.2\jackson-datatype-jsr310-2.13.2.jar;D:\maven_work\repository\com\fasterxml\jackson\module\jackson-module-parameter-names\2.13.2\jackson-module-parameter-names-2.13.2.jar;D:\maven_work\repository\org\springframework\boot\spring-boot-starter-tomcat\2.6.7\spring-boot-starter-tomcat-2.6.7.jar;D:\maven_work\repository\org\apache\tomcat\embed\tomcat-embed-core\9.0.62\tomcat-embed-core-9.0.62.jar;D:\maven_work\repository\org\apache\tomcat\embed\tomcat-embed-el\9.0.62\tomcat-embed-el-9.0.62.jar;D:\maven_work\repository\org\apache\tomcat\embed\tomcat-embed-websocket\9.0.62\tomcat-embed-websocket-9.0.62.jar;D:\maven_work\repository\org\springframework\spring-web\5.3.19\spring-web-5.3.19.jar;D:\maven_work\repository\org\springframework\spring-beans\5.3.19\spring-beans-5.3.19.jar;D:\maven_work\repository\org\springframework\spring-webmvc\5.3.19\spring-webmvc-5.3.19.jar;D:\maven_work\repository\org\springframework\spring-aop\5.3.19\spring-aop-5.3.19.jar;D:\maven_work\repository\org\springframework\spring-context\5.3.19\spring-context-5.3.19.jar;D:\maven_work\repository\org\springframework\spring-expression\5.3.19\spring-expression-5.3.19.jar;D:\maven_work\repository\org\springframework\boot\spring-boot-starter-data-redis\2.6.7\spring-boot-starter-data-redis-2.6.7.jar;D:\maven_work\repository\org\springframework\data\spring-data-redis\2.6.4\spring-data-redis-2.6.4.jar;D:\maven_work\repository\org\springframework\data\spring-data-keyvalue\2.6.4\spring-data-keyvalue-2.6.4.jar;D:\maven_work\repository\org\springframework\data\spring-data-commons\2.6.4\spring-data-commons-2.6.4.jar;D:\maven_work\repository\org\springframework\spring-tx\5.3.19\spring-tx-5.3.19.jar;D:\maven_work\repository\org\springframework\spring-oxm\5.3.19\spring-oxm-5.3.19.jar;D:\maven_work\repository\org\springframework\spring-context-support\5.3.19\spring-context-support-5.3.19.jar;D:\maven_work\repository\org\slf4j\slf4j-api\1.7.36\slf4j-api-1.7.36.jar;D:\maven_work\repository\io\lettuce\lettuce-core\6.1.8.RELEASE\lettuce-core-6.1.8.RELEASE.jar;D:\maven_work\repository\io\netty\netty-common\4.1.76.Final\netty-common-4.1.76.Final.jar;D:\maven_work\repository\io\netty\netty-handler\4.1.76.Final\netty-handler-4.1.76.Final.jar;D:\maven_work\repository\io\netty\netty-resolver\4.1.76.Final\netty-resolver-4.1.76.Final.jar;D:\maven_work\repository\io\netty\netty-buffer\4.1.76.Final\netty-buffer-4.1.76.Final.jar;D:\maven_work\repository\io\netty\netty-codec\4.1.76.Final\netty-codec-4.1.76.Final.jar;D:\maven_work\repository\io\netty\netty-transport\4.1.76.Final\netty-transport-4.1.76.Final.jar;D:\maven_work\repository\io\projectreactor\reactor-core\3.4.17\reactor-core-3.4.17.jar;D:\maven_work\repository\org\reactivestreams\reactive-streams\1.0.3\reactive-streams-1.0.3.jar;D:\maven_work\repository\org\springframework\boot\spring-boot-devtools\2.6.7\spring-boot-devtools-2.6.7.jar;D:\maven_work\repository\org\springframework\boot\spring-boot\2.6.7\spring-boot-2.6.7.jar;D:\maven_work\repository\org\springframework\boot\spring-boot-autoconfigure\2.6.7\spring-boot-autoconfigure-2.6.7.jar;D:\maven_work\repository\org\springframework\boot\spring-boot-starter-test\2.6.7\spring-boot-starter-test-2.6.7.jar;D:\maven_work\repository\org\springframework\boot\spring-boot-test\2.6.7\spring-boot-test-2.6.7.jar;D:\maven_work\repository\org\springframework\boot\spring-boot-test-autoconfigure\2.6.7\spring-boot-test-autoconfigure-2.6.7.jar;D:\maven_work\repository\com\jayway\jsonpath\json-path\2.6.0\json-path-2.6.0.jar;D:\maven_work\repository\net\minidev\json-smart\2.4.8\json-smart-2.4.8.jar;D:\maven_work\repository\net\minidev\accessors-smart\2.4.8\accessors-smart-2.4.8.jar;D:\maven_work\repository\org\ow2\asm\asm\9.1\asm-9.1.jar;D:\maven_work\repository\jakarta\xml\bind\jakarta.xml.bind-api\2.3.3\jakarta.xml.bind-api-2.3.3.jar;D:\maven_work\repository\jakarta\activation\jakarta.activation-api\1.2.2\jakarta.activation-api-1.2.2.jar;D:\maven_work\repository\org\assertj\assertj-core\3.21.0\assertj-core-3.21.0.jar;D:\maven_work\repository\org\hamcrest\hamcrest\2.2\hamcrest-2.2.jar;D:\maven_work\repository\org\junit\jupiter\junit-jupiter\5.8.2\junit-jupiter-5.8.2.jar;D:\maven_work\repository\org\junit\jupiter\junit-jupiter-api\5.8.2\junit-jupiter-api-5.8.2.jar;D:\maven_work\repository\org\opentest4j\opentest4j\1.2.0\opentest4j-1.2.0.jar;D:\maven_work\repository\org\junit\platform\junit-platform-commons\1.8.2\junit-platform-commons-1.8.2.jar;D:\maven_work\repository\org\apiguardian\apiguardian-api\1.1.2\apiguardian-api-1.1.2.jar;D:\maven_work\repository\org\junit\jupiter\junit-jupiter-params\5.8.2\junit-jupiter-params-5.8.2.jar;D:\maven_work\repository\org\junit\jupiter\junit-jupiter-engine\5.8.2\junit-jupiter-engine-5.8.2.jar;D:\maven_work\repository\org\junit\platform\junit-platform-engine\1.8.2\junit-platform-engine-1.8.2.jar;D:\maven_work\repository\org\mockito\mockito-core\4.0.0\mockito-core-4.0.0.jar;D:\maven_work\repository\net\bytebuddy\byte-buddy\1.11.22\byte-buddy-1.11.22.jar;D:\maven_work\repository\net\bytebuddy\byte-buddy-agent\1.11.22\byte-buddy-agent-1.11.22.jar;D:\maven_work\repository\org\objenesis\objenesis\3.2\objenesis-3.2.jar;D:\maven_work\repository\org\mockito\mockito-junit-jupiter\4.0.0\mockito-junit-jupiter-4.0.0.jar;D:\maven_work\repository\org\skyscreamer\jsonassert\1.5.0\jsonassert-1.5.0.jar;D:\maven_work\repository\com\vaadin\external\google\android-json\0.0.20131108.vaadin1\android-json-0.0.20131108.vaadin1.jar;D:\maven_work\repository\org\springframework\spring-core\5.3.19\spring-core-5.3.19.jar;D:\maven_work\repository\org\springframework\spring-jcl\5.3.19\spring-jcl-5.3.19.jar;D:\maven_work\repository\org\springframework\spring-test\5.3.19\spring-test-5.3.19.jar;D:\maven_work\repository\org\xmlunit\xmlunit-core\2.8.4\xmlunit-core-2.8.4.jar;D:\maven_work\repository\mysql\mysql-connector-java\8.0.28\mysql-connector-java-8.0.28.jar;D:\maven_work\repository\com\baomidou\mybatis-plus-boot-starter\3.4.0\mybatis-plus-boot-starter-3.4.0.jar;D:\maven_work\repository\com\baomidou\mybatis-plus\3.4.0\mybatis-plus-3.4.0.jar;D:\maven_work\repository\com\baomidou\mybatis-plus-extension\3.4.0\mybatis-plus-extension-3.4.0.jar;D:\maven_work\repository\com\baomidou\mybatis-plus-core\3.4.0\mybatis-plus-core-3.4.0.jar;D:\maven_work\repository\com\baomidou\mybatis-plus-annotation\3.4.0\mybatis-plus-annotation-3.4.0.jar;D:\maven_work\repository\org\springframework\boot\spring-boot-starter-jdbc\2.6.7\spring-boot-starter-jdbc-2.6.7.jar;D:\maven_work\repository\com\zaxxer\HikariCP\4.0.3\HikariCP-4.0.3.jar;D:\maven_work\repository\org\springframework\spring-jdbc\5.3.19\spring-jdbc-5.3.19.jar;D:\maven_work\repository\com\github\pagehelper\pagehelper-spring-boot-starter\1.4.1\pagehelper-spring-boot-starter-1.4.1.jar;D:\maven_work\repository\org\mybatis\spring\boot\mybatis-spring-boot-starter\2.2.0\mybatis-spring-boot-starter-2.2.0.jar;D:\maven_work\repository\org\mybatis\spring\boot\mybatis-spring-boot-autoconfigure\2.2.0\mybatis-spring-boot-autoconfigure-2.2.0.jar;D:\maven_work\repository\org\mybatis\mybatis\3.5.7\mybatis-3.5.7.jar;D:\maven_work\repository\org\mybatis\mybatis-spring\2.0.6\mybatis-spring-2.0.6.jar;D:\maven_work\repository\com\github\pagehelper\pagehelper-spring-boot-autoconfigure\1.4.1\pagehelper-spring-boot-autoconfigure-1.4.1.jar;D:\maven_work\repository\com\github\pagehelper\pagehelper\5.3.0\pagehelper-5.3.0.jar;D:\maven_work\repository\com\github\jsqlparser\jsqlparser\4.2\jsqlparser-4.2.jar;D:\maven_work\repository\org\projectlombok\lombok\1.18.24\lombok-1.18.24.jar;D:\maven_work\repository\com\auth0\java-jwt\3.12.1\java-jwt-3.12.1.jar;D:\maven_work\repository\com\fasterxml\jackson\core\jackson-databind\2.13.2.1\jackson-databind-2.13.2.1.jar;D:\maven_work\repository\com\fasterxml\jackson\core\jackson-annotations\2.13.2\jackson-annotations-2.13.2.jar;D:\maven_work\repository\com\fasterxml\jackson\core\jackson-core\2.13.2\jackson-core-2.13.2.jar;D:\maven_work\repository\commons-codec\commons-codec\1.15\commons-codec-1.15.jar;D:\maven_work\repository\com\alibaba\druid\1.1.17\druid-1.1.17.jar;D:\maven_work\repository\log4j\log4j\1.2.17\log4j-1.2.17.jar;D:\maven_work\repository\org\jsoup\jsoup\1.13.1\jsoup-1.13.1.jar;"/>
    <property name="sun.cpu.endian" value="little"/>
    <property name="user.home" value="C:\Users\hp"/>
    <property name="user.language" value="zh"/>
    <property name="java.specification.vendor" value="Oracle Corporation"/>
    <property name="java.home" value="C:\Program Files\Java\jdk1.8.0_191\jre"/>
    <property name="basedir" value="C:\Users\hp\IdeaProjects\epidemic-management"/>
    <property name="file.separator" value="\"/>
    <property name="line.separator" value="&#10;"/>
    <property name="java.vm.specification.vendor" value="Oracle Corporation"/>
    <property name="java.specification.name" value="Java Platform API Specification"/>
    <property name="java.awt.graphicsenv" value="sun.awt.Win32GraphicsEnvironment"/>
    <property name="surefire.real.class.path" value="C:\Users\hp\AppData\Local\Temp\surefire716284706581979732\surefirebooter4034972025250735935.jar"/>
    <property name="sun.boot.class.path" value="C:\Program Files\Java\jdk1.8.0_191\jre\lib\resources.jar;C:\Program Files\Java\jdk1.8.0_191\jre\lib\rt.jar;C:\Program Files\Java\jdk1.8.0_191\jre\lib\sunrsasign.jar;C:\Program Files\Java\jdk1.8.0_191\jre\lib\jsse.jar;C:\Program Files\Java\jdk1.8.0_191\jre\lib\jce.jar;C:\Program Files\Java\jdk1.8.0_191\jre\lib\charsets.jar;C:\Program Files\Java\jdk1.8.0_191\jre\lib\jfr.jar;C:\Program Files\Java\jdk1.8.0_191\jre\classes"/>
    <property name="user.script" value=""/>
    <property name="sun.management.compiler" value="HotSpot 64-Bit Tiered Compilers"/>
    <property name="java.runtime.version" value="1.8.0_191-b12"/>
    <property name="user.name" value="hp"/>
    <property name="path.separator" value=";"/>
    <property name="os.version" value="10.0"/>
    <property name="java.endorsed.dirs" value="C:\Program Files\Java\jdk1.8.0_191\jre\lib\endorsed"/>
    <property name="java.runtime.name" value="Java(TM) SE Runtime Environment"/>
    <property name="file.encoding" value="GBK"/>
    <property name="java.vm.name" value="Java HotSpot(TM) 64-Bit Server VM"/>
    <property name="localRepository" value="D:\maven_work\repository"/>
    <property name="java.vendor.url.bug" value="http://bugreport.sun.com/bugreport/"/>
    <property name="java.io.tmpdir" value="C:\Users\hp\AppData\Local\Temp\"/>
    <property name="java.version" value="1.8.0_191"/>
    <property name="user.dir" value="C:\Users\hp\IdeaProjects\epidemic-management"/>
    <property name="os.arch" value="amd64"/>
    <property name="java.vm.specification.name" value="Java Virtual Machine Specification"/>
    <property name="java.awt.printerjob" value="sun.awt.windows.WPrinterJob"/>
    <property name="idea.version2019.3.1" value="true"/>
    <property name="sun.os.patch.level" value=""/>
    <property name="java.library.path" value="C:\Program Files\Java\jdk1.8.0_191\jre\bin;C:\WINDOWS\Sun\Java\bin;C:\WINDOWS\system32;C:\WINDOWS;D:\VMware Workstation\bin\;C:\Program Files\Java\jdk1.8.0_191\bin;C:\Program Files\Java\jdk1.8.0_191\jre\bin;D:\MySQL8\bin;D:\maven_work\apache-maven-3.8.1\bin;D:\oracleAZ\bin;C:\Program Files\Java\jdk1.8.0_191\bin;C:\Windows\system32;C:\Windows;C:\Windows\System32\Wbem;C:\Windows\System32\WindowsPowerShell\v1.0\;C:\Windows\System32\OpenSSH\;C:\Program Files (x86)\NVIDIA Corporation\PhysX\Common;C:\Program Files\NVIDIA Corporation\NVIDIA NvDLISR;C:\Program Files (x86)\dotnet\;C:\WINDOWS\system32;C:\WINDOWS;C:\WINDOWS\System32\Wbem;C:\WINDOWS\System32\WindowsPowerShell\v1.0\;C:\WINDOWS\System32\OpenSSH\;C:\Program Files\Apache Software Foundation\apache-tomcat-8.5.68\bin;C:\Program Files\Apache Software Foundation\apache-tomcat-8.5.68\lib;C:\Program Files\Apache Software Foundation\apache-tomcat-8.5.68\lib\servlet-api.jar;C:\Program Files\nodejs\;D:\NetSarang\Xftp 7\;D:\NetSarang\Xshell 7\;D:\Git\cmd;C:\Users\hp\AppData\Local\Microsoft\WindowsApps;;D:\IntelliJ IDEA 2019.3.1\bin;;C:\Users\hp\AppData\Roaming\npm;D:\Microsoft VS Code\bin;."/>
    <property name="java.vm.info" value="mixed mode"/>
    <property name="java.vendor" value="Oracle Corporation"/>
    <property name="java.vm.version" value="25.191-b12"/>
    <property name="java.ext.dirs" value="C:\Program Files\Java\jdk1.8.0_191\jre\lib\ext;C:\WINDOWS\Sun\Java\lib\ext"/>
    <property name="sun.io.unicode.encoding" value="UnicodeLittle"/>
    <property name="maven.repo.local" value="D:\maven_work\repository"/>
    <property name="java.class.version" value="52.0"/>
  </properties>
  <testcase name="contextLoads" classname="com.epidemicmanagement.EpidemicManagementApplicationTests" time="0.001"/>
</testsuite>